<?xml version="1.0" encoding="UTF-8"?>
<testsuite xmlns:xsi="http://www.w3.org/2001/XMLSchema-instance" xsi:noNamespaceSchemaLocation="https://maven.apache.org/surefire/maven-surefire-plugin/xsd/surefire-test-report.xsd" name="com.grupo10_150.AppTest" time="0.12" tests="1" errors="0" skipped="0" failures="0">
  <properties>
    <property name="java.specification.version" value="17"/>
    <property name="sun.cpu.isalist" value="amd64"/>
    <property name="sun.jnu.encoding" value="Cp1252"/>
    <property name="java.class.path" value="c:\Users\Willy\Desktop\VSCProjects\pronosticos_deportivos\target\test-classes;c:\Users\Willy\Desktop\VSCProjects\pronosticos_deportivos\target\classes;C:\Users\Willy\.m2\repository\org\projectlombok\lombok\1.18.26\lombok-1.18.26.jar;C:\Users\Willy\.m2\repository\name\remal\gradle-plugins\lombok\lombok\2.0.3\lombok-2.0.3.jar;C:\Users\Willy\.m2\repository\junit\junit\4.11\junit-4.11.jar;C:\Users\Willy\.m2\repository\org\hamcrest\hamcrest-core\1.3\hamcrest-core-1.3.jar;"/>
    <property name="java.vm.vendor" value="Eclipse Adoptium"/>
    <property name="sun.arch.data.model" value="64"/>
    <property name="user.variant" value=""/>
    <property name="java.vendor.url" value="https://adoptium.net/"/>
    <property name="user.timezone" value="America/Buenos_Aires"/>
    <property name="os.name" value="Windows 11"/>
    <property name="java.vm.specification.version" value="17"/>
    <property name="sun.java.launcher" value="SUN_STANDARD"/>
    <property name="user.country" value="AR"/>
    <property name="sun.boot.library.path" value="D:\Program Files\Adoptium\jdk-17.0.6.10-hotspot\bin"/>
    <property name="sun.java.command" value="C:\Users\Willy\AppData\Local\Temp\surefire13898673582012359659\surefirebooter1929863148600863298.jar C:\Users\Willy\AppData\Local\Temp\surefire13898673582012359659 2023-04-01T23-36-26_150-jvmRun1 surefire245818781660878120tmp surefire_03134030911426068609tmp"/>
    <property name="jdk.debug" value="release"/>
    <property name="surefire.test.class.path" value="c:\Users\Willy\Desktop\VSCProjects\pronosticos_deportivos\target\test-classes;c:\Users\Willy\Desktop\VSCProjects\pronosticos_deportivos\target\classes;C:\Users\Willy\.m2\repository\org\projectlombok\lombok\1.18.26\lombok-1.18.26.jar;C:\Users\Willy\.m2\repository\name\remal\gradle-plugins\lombok\lombok\2.0.3\lombok-2.0.3.jar;C:\Users\Willy\.m2\repository\junit\junit\4.11\junit-4.11.jar;C:\Users\Willy\.m2\repository\org\hamcrest\hamcrest-core\1.3\hamcrest-core-1.3.jar;"/>
    <property name="sun.cpu.endian" value="little"/>
    <property name="user.home" value="C:\Users\Willy"/>
    <property name="user.language" value="es"/>
    <property name="java.specification.vendor" value="Oracle Corporation"/>
    <property name="java.version.date" value="2023-01-17"/>
    <property name="java.home" value="D:\Program Files\Adoptium\jdk-17.0.6.10-hotspot"/>
    <property name="file.separator" value="\"/>
    <property name="basedir" value="c:\Users\Willy\Desktop\VSCProjects\pronosticos_deportivos"/>
    <property name="java.vm.compressedOopsMode" value="Zero based"/>
    <property name="line.separator" value="&#10;"/>
    <property name="java.vm.specification.vendor" value="Oracle Corporation"/>
    <property name="java.specification.name" value="Java Platform API Specification"/>
    <property name="surefire.real.class.path" value="C:\Users\Willy\AppData\Local\Temp\surefire13898673582012359659\surefirebooter1929863148600863298.jar"/>
    <property name="user.script" value=""/>
    <property name="sun.management.compiler" value="HotSpot 64-Bit Tiered Compilers"/>
    <property name="java.runtime.version" value="17.0.6+10"/>
    <property name="user.name" value="Willy"/>
    <property name="path.separator" value=";"/>
    <property name="os.version" value="10.0"/>
    <property name="java.runtime.name" value="OpenJDK Runtime Environment"/>
    <property name="file.encoding" value="Cp1252"/>
    <property name="java.vm.name" value="OpenJDK 64-Bit Server VM"/>
    <property name="java.vendor.version" value="Temurin-17.0.6+10"/>
    <property name="localRepository" value="C:\Users\Willy\.m2\repository"/>
    <property name="java.vendor.url.bug" value="https://github.com/adoptium/adoptium-support/issues"/>
    <property name="java.io.tmpdir" value="C:\Users\Willy\AppData\Local\Temp\"/>
    <property name="java.version" value="17.0.6"/>
    <property name="user.dir" value="c:\Users\Willy\Desktop\VSCProjects\pronosticos_deportivos"/>
    <property name="os.arch" value="amd64"/>
    <property name="java.vm.specification.name" value="Java Virtual Machine Specification"/>
    <property name="sun.os.patch.level" value=""/>
    <property name="native.encoding" value="Cp1252"/>
    <property name="java.library.path" value="D:\Program Files\Adoptium\jdk-17.0.6.10-hotspot\bin;C:\Windows\Sun\Java\bin;C:\Windows\system32;C:\Windows;D:\Program Files\Adoptium\jdk-11.0.18.10-hotspot\bin;D:\Program Files\Adoptium\jdk-17.0.6.10-hotspot\bin;C:\Program Files\Common Files\Oracle\Java\javapath;D:\Users\Willy\AppData\Local\Programs\Python\Python310\Scripts\;D:\Users\Willy\AppData\Local\Programs\Python\Python310\;C:\Windows\system32;C:\Windows;C:\Windows\System32\Wbem;C:\Windows\System32\WindowsPowerShell\v1.0\;C:\Windows\System32\OpenSSH\;C:\Program Files\PostgreSQL\13\bin;C:\Program Files\dotnet\;D:\Program Files\nodejs\;C:\ProgramData\chocolatey\bin;C:\Program Files\Calibre2\;D:\Program Files\Git\cmd;D:\Program Files\PowerShell\7\;D:\apache-maven-3.9.1\bin;D:\Program Files\Adoptium\jdk-17.0.6.10-hotspot\bin;D:\apache-maven-3.9.1\bin;D:\Program Files\Git;C:\ProgramData\Microsoft\Windows\Start Menu\Programs\Git;C:\Users\Willy\AppData\Local\Microsoft\WindowsApps;C:\Users\Willy\AppData\Local\atom\bin;C:\Users\Willy\AppData\Roaming\npm;d:\Users\Willy\AppData\Local\Programs\Microsoft VS Code\bin;C:\Users\Willy\AppData\Local\GitHubDesktop\bin;;."/>
    <property name="java.vm.info" value="mixed mode, sharing"/>
    <property name="java.vendor" value="Eclipse Adoptium"/>
    <property name="java.vm.version" value="17.0.6+10"/>
    <property name="sun.io.unicode.encoding" value="UnicodeLittle"/>
    <property name="java.class.version" value="61.0"/>
  </properties>
  <testcase name="shouldAnswerWithTrue" classname="com.grupo10_150.AppTest" time="0.003"/>
</testsuite>